<?xml version="1.0" encoding="UTF-8"?>
<!-- Generated by org.testng.reporters.JUnitXMLReporter -->
<testsuite hostname="PF1QDEC8" ignored="3" name="DasheSell Test" tests="1" failures="0" timestamp="08 Oct 2019 22:22:23 GMT" time="7.587" errors="0">
  <testcase name="validateProgramEffectiveDate" time="2.49" classname="com.projects.activities.testCases.TC_ProgramListTest_005"/>
  <testcase name="validateProgramIdList" time="0.0" classname="com.projects.activities.testCases.TC_ProgramListTest_005">
    <ignored/>
  </testcase> <!-- validateProgramIdList -->
  <testcase name="validateProgramFollowupsList" time="0.0" classname="com.projects.activities.testCases.TC_ProgramListTest_005">
    <ignored/>
  </testcase> <!-- validateProgramFollowupsList -->
  <testcase name="validateProgramRankList" time="0.0" classname="com.projects.activities.testCases.TC_ProgramListTest_005">
    <ignored/>
  </testcase> <!-- validateProgramRankList -->
</testsuite> <!-- DasheSell Test -->
