<?xml version="1.0" encoding="UTF-8"?>
<!-- Generated by org.testng.reporters.JUnitXMLReporter -->
<testsuite hostname="PF1QDEC8" ignored="8" name="DashTest" tests="1" failures="1" timestamp="19 Feb 2020 16:56:36 GMT" time="19.115" errors="0">
  <testcase name="createProgramPriority" time="13.527" classname="com.projects.activities.testCases.TC_ProgramPriorityTest_002">
    <failure type="org.openqa.selenium.WebDriverException" message="chrome not reachable
  (Session info: chrome=79.0.3945.130)
  (Driver info: chromedriver=2.43.600210 (68dcf5eebde37173d4027fa8635e332711d2874a),platform=Windows NT 10.0.17763 x86_64) (WARNING: The server did not provide any stacktrace information)
Command duration or timeout: 0 milliseconds
Build info: version: &amp;apos;3.141.5&amp;apos;, revision: &amp;apos;d54ebd709a&amp;apos;, time: &amp;apos;2018-11-06T11:42:16&amp;apos;
System info: host: &amp;apos;PF1QDEC8&amp;apos;, ip: &amp;apos;10.99.97.36&amp;apos;, os.name: &amp;apos;Windows 10&amp;apos;, os.arch: &amp;apos;amd64&amp;apos;, os.version: &amp;apos;10.0&amp;apos;, java.version: &amp;apos;1.8.0_202&amp;apos;
Driver info: org.openqa.selenium.chrome.ChromeDriver
Capabilities {acceptInsecureCerts: false, acceptSslCerts: false, applicationCacheEnabled: false, browserConnectionEnabled: false, browserName: chrome, chrome: {chromedriverVersion: 2.43.600210 (68dcf5eebde371..., userDataDir: C:\Users\MOHAMM~1.PAR\AppDa...}, cssSelectorsEnabled: true, databaseEnabled: false, goog:chromeOptions: {debuggerAddress: localhost:50778}, handlesAlerts: true, hasTouchScreen: false, javascriptEnabled: true, locationContextEnabled: true, mobileEmulationEnabled: false, nativeEvents: true, networkConnectionEnabled: false, pageLoadStrategy: normal, platform: XP, platformName: XP, rotatable: false, setWindowRect: true, takesHeapSnapshot: true, takesScreenshot: true, unexpectedAlertBehaviour: , unhandledPromptBehavior: , version: 79.0.3945.130, webStorageEnabled: true}
Session ID: daca0a395615e541a31dfe5fef34e161
*** Element info: {Using=xpath, value=//*[starts-with(@id,&amp;quot;ui-id&amp;quot;)]/a}">
      <![CDATA[org.openqa.selenium.WebDriverException: chrome not reachable  (Session info: chrome=79.0.3945.130)  (Driver info: chromedriver=2.43.600210 (68dcf5eebde37173d4027fa8635e332711d2874a),platform=Windows NT 10.0.17763 x86_64) (WARNING: The server did not provide any stacktrace information)Command duration or timeout: 0 millisecondsBuild info: version: '3.141.5', revision: 'd54ebd709a', time: '2018-11-06T11:42:16'System info: host: 'PF1QDEC8', ip: '10.99.97.36', os.name: 'Windows 10', os.arch: 'amd64', os.version: '10.0', java.version: '1.8.0_202'Driver info: org.openqa.selenium.chrome.ChromeDriverCapabilities {acceptInsecureCerts: false, acceptSslCerts: false, applicationCacheEnabled: false, browserConnectionEnabled: false, browserName: chrome, chrome: {chromedriverVersion: 2.43.600210 (68dcf5eebde371..., userDataDir: C:\Users\MOHAMM~1.PAR\AppDa...}, cssSelectorsEnabled: true, databaseEnabled: false, goog:chromeOptions: {debuggerAddress: localhost:50778}, handlesAlerts: true, hasTouchScreen: false, javascriptEnabled: true, locationContextEnabled: true, mobileEmulationEnabled: false, nativeEvents: true, networkConnectionEnabled: false, pageLoadStrategy: normal, platform: XP, platformName: XP, rotatable: false, setWindowRect: true, takesHeapSnapshot: true, takesScreenshot: true, unexpectedAlertBehaviour: , unhandledPromptBehavior: , version: 79.0.3945.130, webStorageEnabled: true}Session ID: daca0a395615e541a31dfe5fef34e161*** Element info: {Using=xpath, value=//*[starts-with(@id,"ui-id")]/a}at org.openqa.selenium.remote.ErrorHandler.createThrowable(ErrorHandler.java:214)at org.openqa.selenium.remote.ErrorHandler.throwIfResponseFailed(ErrorHandler.java:166)at org.openqa.selenium.remote.http.JsonHttpResponseCodec.reconstructValue(JsonHttpResponseCodec.java:40)at org.openqa.selenium.remote.http.AbstractHttpResponseCodec.decode(AbstractHttpResponseCodec.java:80)at org.openqa.selenium.remote.http.AbstractHttpResponseCodec.decode(AbstractHttpResponseCodec.java:44)at org.openqa.selenium.remote.HttpCommandExecutor.execute(HttpCommandExecutor.java:158)at org.openqa.selenium.remote.service.DriverCommandExecutor.execute(DriverCommandExecutor.java:83)at org.openqa.selenium.remote.RemoteWebDriver.execute(RemoteWebDriver.java:552)at org.openqa.selenium.remote.RemoteWebDriver.findElement(RemoteWebDriver.java:323)at org.openqa.selenium.remote.RemoteWebDriver.findElementByXPath(RemoteWebDriver.java:428)at org.openqa.selenium.By$ByXPath.findElement(By.java:353)at org.openqa.selenium.remote.RemoteWebDriver.findElement(RemoteWebDriver.java:315)at org.openqa.selenium.support.pagefactory.DefaultElementLocator.findElement(DefaultElementLocator.java:69)at org.openqa.selenium.support.pagefactory.internal.LocatingElementHandler.invoke(LocatingElementHandler.java:38)at com.sun.proxy.$Proxy14.click(Unknown Source)at com.projects.activities.pageObjects.ProgramPriorityPage.clickProgramDesc(ProgramPriorityPage.java:87)at com.projects.activities.testCases.TC_ProgramPriorityTest_002.createProgramPriority(TC_ProgramPriorityTest_002.java:50)... Removed 29 stack frames]]>
    </failure>
  </testcase> <!-- createProgramPriority -->
  <testcase name="validateProgramExpireDatePast" time="0.0" classname="com.projects.activities.testCases.TC_ProgramPriorityTest_002">
    <ignored/>
  </testcase> <!-- validateProgramExpireDatePast -->
  <testcase name="validateProgramId" time="0.0" classname="com.projects.activities.testCases.TC_ProgramPriorityTest_002">
    <ignored/>
  </testcase> <!-- validateProgramId -->
  <testcase name="validateProgramRank" time="0.0" classname="com.projects.activities.testCases.TC_ProgramPriorityTest_002">
    <ignored/>
  </testcase> <!-- validateProgramRank -->
  <testcase name="validateProgramRankMix" time="0.0" classname="com.projects.activities.testCases.TC_ProgramPriorityTest_002">
    <ignored/>
  </testcase> <!-- validateProgramRankMix -->
  <testcase name="validateProgramRecordDel" time="0.0" classname="com.projects.activities.testCases.TC_ProgramPriorityTest_002">
    <ignored/>
  </testcase> <!-- validateProgramRecordDel -->
  <testcase name="validateProgramEffectiveDate" time="0.0" classname="com.projects.activities.testCases.TC_ProgramPriorityTest_002">
    <ignored/>
  </testcase> <!-- validateProgramEffectiveDate -->
  <testcase name="validateProgramExpireDate" time="0.0" classname="com.projects.activities.testCases.TC_ProgramPriorityTest_002">
    <ignored/>
  </testcase> <!-- validateProgramExpireDate -->
  <testcase name="validateProgramDel" time="0.0" classname="com.projects.activities.testCases.TC_ProgramPriorityTest_002">
    <ignored/>
  </testcase> <!-- validateProgramDel -->
</testsuite> <!-- DashTest -->
