<?xml version="1.0" encoding="UTF-8"?>
<!-- Generated by org.testng.reporters.JUnitXMLReporter -->
<testsuite hostname="PF1QDEC8" ignored="5" name="DashTest" tests="1" failures="0" timestamp="06 Mar 2020 20:50:31 GMT" time="21.997" errors="0">
  <testcase name="validateDurationLetterElementPage" time="16.238" classname="com.elements.testCases.TC_ElementsPageTest_002"/>
  <testcase name="validateDateElementPage" time="0.0" classname="com.elements.testCases.TC_ElementsPageTest_002">
    <ignored/>
  </testcase> <!-- validateDateElementPage -->
  <testcase name="validateDurationElementPage" time="0.0" classname="com.elements.testCases.TC_ElementsPageTest_002">
    <ignored/>
  </testcase> <!-- validateDurationElementPage -->
  <testcase name="validateTemplatelementPage" time="0.0" classname="com.elements.testCases.TC_ElementsPageTest_002">
    <ignored/>
  </testcase> <!-- validateTemplatelementPage -->
  <testcase name="validateElementCreation" time="0.0" classname="com.elements.testCases.TC_ElementsPageTest_002">
    <ignored/>
  </testcase> <!-- validateElementCreation -->
  <testcase name="validateCommitmentElementPage" time="0.0" classname="com.elements.testCases.TC_ElementsPageTest_002">
    <ignored/>
  </testcase> <!-- validateCommitmentElementPage -->
</testsuite> <!-- DashTest -->
