<?xml version="1.0" encoding="UTF-8"?>
<!-- Generated by org.testng.reporters.JUnitXMLReporter -->
<testsuite hostname="PF1QDEC8" ignored="0" name="DasheSell Test" tests="9" failures="0" timestamp="22 Oct 2019 16:16:17 GMT" time="113.693" errors="0">
  <testcase name="createClientPriority" time="9.5" classname="com.projects.activities.testCases.TC_ClientPriorityTest_004"/>
  <testcase name="validateClientDel" time="6.439" classname="com.projects.activities.testCases.TC_ClientPriorityTest_004"/>
  <testcase name="validateClientEffectiveDate" time="7.457" classname="com.projects.activities.testCases.TC_ClientPriorityTest_004"/>
  <testcase name="validateClientExpireDate" time="7.51" classname="com.projects.activities.testCases.TC_ClientPriorityTest_004"/>
  <testcase name="validateClientExpireDatePast" time="6.074" classname="com.projects.activities.testCases.TC_ClientPriorityTest_004"/>
  <testcase name="validateClientRank" time="6.018" classname="com.projects.activities.testCases.TC_ClientPriorityTest_004"/>
  <testcase name="validateClientRankMix" time="7.52" classname="com.projects.activities.testCases.TC_ClientPriorityTest_004"/>
  <testcase name="validateClientRecordDel" time="10.194" classname="com.projects.activities.testCases.TC_ClientPriorityTest_004"/>
  <testcase name="validateClientnumber" time="6.561" classname="com.projects.activities.testCases.TC_ClientPriorityTest_004"/>
</testsuite> <!-- DasheSell Test -->
