<?xml version="1.0" encoding="UTF-8"?>
<!-- Generated by org.testng.reporters.JUnitXMLReporter -->
<testsuite hostname="PF1QDEC8" ignored="8" name="Priority Test" tests="1" failures="1" timestamp="25 Nov 2019 19:27:39 GMT" time="5.301" errors="0">
  <testcase name="validateProgramId" time="0.099" classname="com.projects.activities.testCases.TC_ProgramPriorityTest_002">
    <failure type="java.lang.NullPointerException">
      <![CDATA[java.lang.NullPointerExceptionat com.dashManagement.utilities.TestLogger.log(TestLogger.java:11)at com.projects.activities.testCases.TC_ProgramPriorityTest_002.validateProgramId(TC_ProgramPriorityTest_002.java:130)... Removed 25 stack frames]]>
    </failure>
  </testcase> <!-- validateProgramId -->
  <testcase name="validateProgramExpireDatePast" time="0.0" classname="com.projects.activities.testCases.TC_ProgramPriorityTest_002">
    <ignored/>
  </testcase> <!-- validateProgramExpireDatePast -->
  <testcase name="validateProgramRankMix" time="0.0" classname="com.projects.activities.testCases.TC_ProgramPriorityTest_002">
    <ignored/>
  </testcase> <!-- validateProgramRankMix -->
  <testcase name="validateProgramRank" time="0.0" classname="com.projects.activities.testCases.TC_ProgramPriorityTest_002">
    <ignored/>
  </testcase> <!-- validateProgramRank -->
  <testcase name="createProgramPriority" time="0.0" classname="com.projects.activities.testCases.TC_ProgramPriorityTest_002">
    <ignored/>
  </testcase> <!-- createProgramPriority -->
  <testcase name="validateProgramRecordDel" time="0.0" classname="com.projects.activities.testCases.TC_ProgramPriorityTest_002">
    <ignored/>
  </testcase> <!-- validateProgramRecordDel -->
  <testcase name="validateProgramEffectiveDate" time="0.0" classname="com.projects.activities.testCases.TC_ProgramPriorityTest_002">
    <ignored/>
  </testcase> <!-- validateProgramEffectiveDate -->
  <testcase name="validateProgramExpireDate" time="0.0" classname="com.projects.activities.testCases.TC_ProgramPriorityTest_002">
    <ignored/>
  </testcase> <!-- validateProgramExpireDate -->
  <testcase name="validateProgramDel" time="0.0" classname="com.projects.activities.testCases.TC_ProgramPriorityTest_002">
    <ignored/>
  </testcase> <!-- validateProgramDel -->
</testsuite> <!-- Priority Test -->
