<?xml version="1.0" encoding="UTF-8"?>
<!-- Generated by org.testng.reporters.JUnitXMLReporter -->
<testsuite hostname="PF1QDEC8" ignored="0" name="Priority Test" tests="11" failures="0" timestamp="25 Oct 2019 19:54:52 GMT" time="129.027" errors="0">
  <testcase name="validateClientCreationDate" time="7.325" classname="com.projects.activities.testCases.TC_ClientListTest_007"/>
  <testcase name="validateClientCreatorList" time="4.002" classname="com.projects.activities.testCases.TC_ClientListTest_007"/>
  <testcase name="validateClientCreatorListUser" time="8.423" classname="com.projects.activities.testCases.TC_ClientListTest_007"/>
  <testcase name="validateClientDescriptionList" time="8.771" classname="com.projects.activities.testCases.TC_ClientListTest_007"/>
  <testcase name="validateClientEffectiveDate" time="9.844" classname="com.projects.activities.testCases.TC_ClientListTest_007"/>
  <testcase name="validateClientExpireeDate" time="8.508" classname="com.projects.activities.testCases.TC_ClientListTest_007"/>
  <testcase name="validateClientFollowupsList" time="5.368" classname="com.projects.activities.testCases.TC_ClientListTest_007"/>
  <testcase name="validateClientNumberList" time="5.69" classname="com.projects.activities.testCases.TC_ClientListTest_007"/>
  <testcase name="validateClientRankList" time="4.665" classname="com.projects.activities.testCases.TC_ClientListTest_007"/>
  <testcase name="validateExportToDownload" time="9.094" classname="com.projects.activities.testCases.TC_ClientListTest_007"/>
  <testcase name="validateExportToFile" time="4.684" classname="com.projects.activities.testCases.TC_ClientListTest_007"/>
</testsuite> <!-- Priority Test -->
