<?xml version="1.0" encoding="UTF-8"?>
<testng-results skipped="0" failed="0" ignored="8" total="9" passed="1">
  <reporter-output>
    <line>
      <![CDATA[username provided]]>
    </line>
    <line>
      <![CDATA[password provided]]>
    </line>
  </reporter-output>
  <suite name="DashManagement" duration-ms="5982" started-at="2019-11-25T23:29:50Z" finished-at="2019-11-25T23:29:56Z">
    <groups>
    </groups>
    <test name="Priority Test" duration-ms="5982" started-at="2019-11-25T23:29:50Z" finished-at="2019-11-25T23:29:56Z">
      <class name="com.projects.activities.testCases.TC_ProgramPriorityTest_002">
        <test-method status="PASS" signature="setup(java.lang.String)[pri:0, instance:com.projects.activities.testCases.TC_ProgramPriorityTest_002@31ef45e3]" name="setup" is-config="true" duration-ms="4279" started-at="2019-11-25T17:29:50Z" finished-at="2019-11-25T17:29:54Z">
          <params>
            <param index="0">
              <value>
                <![CDATA[chrome]]>
              </value>
            </param>
          </params>
          <reporter-output>
          </reporter-output>
        </test-method> <!-- setup -->
        <test-method status="PASS" signature="validateProgramId()[pri:0, instance:com.projects.activities.testCases.TC_ProgramPriorityTest_002@31ef45e3]" name="validateProgramId" duration-ms="996" started-at="2019-11-25T17:29:54Z" finished-at="2019-11-25T17:29:55Z">
          <reporter-output>
            <line>
              <![CDATA[username provided]]>
            </line>
            <line>
              <![CDATA[password provided]]>
            </line>
          </reporter-output>
        </test-method> <!-- validateProgramId -->
        <test-method status="FAIL" signature="teardown()[pri:0, instance:com.projects.activities.testCases.TC_ProgramPriorityTest_002@31ef45e3]" name="teardown" is-config="true" duration-ms="680" started-at="2019-11-25T17:29:55Z" finished-at="2019-11-25T17:29:56Z">
          <exception class="java.lang.NullPointerException">
            <full-stacktrace>
              <![CDATA[java.lang.NullPointerExceptionat com.projects.activities.testCases.BaseClass.teardown(BaseClass.java:85)at sun.reflect.NativeMethodAccessorImpl.invoke0(Native Method)at sun.reflect.NativeMethodAccessorImpl.invoke(NativeMethodAccessorImpl.java:62)at sun.reflect.DelegatingMethodAccessorImpl.invoke(DelegatingMethodAccessorImpl.java:43)at java.lang.reflect.Method.invoke(Method.java:498)at org.testng.internal.MethodInvocationHelper.invokeMethod(MethodInvocationHelper.java:124)at org.testng.internal.MethodInvocationHelper.invokeMethodConsideringTimeout(MethodInvocationHelper.java:59)at org.testng.internal.Invoker.invokeConfigurationMethod(Invoker.java:451)at org.testng.internal.Invoker.invokeConfigurations(Invoker.java:222)at org.testng.internal.Invoker.invokeMethod(Invoker.java:634)at org.testng.internal.Invoker.invokeTestMethod(Invoker.java:707)at org.testng.internal.Invoker.invokeTestMethods(Invoker.java:979)at org.testng.internal.TestMethodWorker.invokeTestMethods(TestMethodWorker.java:125)at org.testng.internal.TestMethodWorker.run(TestMethodWorker.java:109)at org.testng.TestRunner.privateRun(TestRunner.java:648)at org.testng.TestRunner.run(TestRunner.java:505)at org.testng.SuiteRunner.runTest(SuiteRunner.java:455)at org.testng.SuiteRunner.runSequentially(SuiteRunner.java:450)at org.testng.SuiteRunner.privateRun(SuiteRunner.java:415)at org.testng.SuiteRunner.run(SuiteRunner.java:364)at org.testng.SuiteRunnerWorker.runSuite(SuiteRunnerWorker.java:52)at org.testng.SuiteRunnerWorker.run(SuiteRunnerWorker.java:84)at org.testng.TestNG.runSuitesSequentially(TestNG.java:1187)at org.testng.TestNG.runSuitesLocally(TestNG.java:1116)at org.testng.TestNG.runSuites(TestNG.java:1028)at org.testng.TestNG.run(TestNG.java:996)at org.testng.remote.AbstractRemoteTestNG.run(AbstractRemoteTestNG.java:114)at org.testng.remote.RemoteTestNG.initAndRun(RemoteTestNG.java:251)at org.testng.remote.RemoteTestNG.main(RemoteTestNG.java:77)]]>
            </full-stacktrace>
          </exception> <!-- java.lang.NullPointerException -->
          <reporter-output>
          </reporter-output>
        </test-method> <!-- teardown -->
        <test-method status="SKIP" signature="generateReport()[pri:0, instance:com.projects.activities.testCases.TC_ProgramPriorityTest_002@31ef45e3]" name="generateReport" is-config="true" duration-ms="0" started-at="2019-11-25T17:29:56Z" finished-at="2019-11-25T17:29:56Z">
          <reporter-output>
          </reporter-output>
        </test-method> <!-- generateReport -->
      </class> <!-- com.projects.activities.testCases.TC_ProgramPriorityTest_002 -->
    </test> <!-- Priority Test -->
  </suite> <!-- DashManagement -->
</testng-results>
