<?xml version="1.0" encoding="UTF-8"?>
<testng-results skipped="0" failed="0" ignored="13" total="16" passed="3">
  <reporter-output>
    <line>
      <![CDATA[username: brownp]]>
    </line>
    <line>
      <![CDATA[password: Anderson1!]]>
    </line>
    <line>
      <![CDATA[Project Icon Clicked]]>
    </line>
    <line>
      <![CDATA[Templates Menu Clicked]]>
    </line>
    <line>
      <![CDATA[New Template Button Clicked]]>
    </line>
    <line>
      <![CDATA[Select Store template]]>
    </line>
    <line>
      <![CDATA[Select Element Template]]>
    </line>
    <line>
      <![CDATA[Loose Attachment Name Provided]]>
    </line>
    <line>
      <![CDATA[Submit for Reveiw Button Clicked]]>
    </line>
    <line>
      <![CDATA[Alert accepted]]>
    </line>
    <line>
      <![CDATA[test case passed....Template submitted for review.]]>
    </line>
    <line>
      <![CDATA[username ]]>
    </line>
    <line>
      <![CDATA[password]]>
    </line>
    <line>
      <![CDATA[Loose Attachment Name Provided]]>
    </line>
    <line>
      <![CDATA[Submit for Reveiw Button Clicked]]>
    </line>
    <line>
      <![CDATA[Alert accepted]]>
    </line>
    <line>
      <![CDATA[test case passed....Template submitted for review.]]>
    </line>
    <line>
      <![CDATA[username ]]>
    </line>
    <line>
      <![CDATA[password]]>
    </line>
    <line>
      <![CDATA[Submit for Reveiw Button Clicked]]>
    </line>
    <line>
      <![CDATA[Alert accepted]]>
    </line>
    <line>
      <![CDATA[test case passed....Template submitted for review.]]>
    </line>
  </reporter-output>
  <suite name="DashManagement" duration-ms="80831" started-at="2020-01-14T23:01:14Z" finished-at="2020-01-14T23:02:35Z">
    <groups>
    </groups>
    <test name="DashTest" duration-ms="80831" started-at="2020-01-14T23:01:14Z" finished-at="2020-01-14T23:02:35Z">
      <class name="com.projects.templates.testCases.TC_StoreTemplatesPageTest_002">
        <test-method status="PASS" signature="extentSetup(org.testng.ITestContext)[pri:0, instance:com.projects.templates.testCases.TC_StoreTemplatesPageTest_002@598067a5]" name="extentSetup" is-config="true" duration-ms="101" started-at="2020-01-14T17:01:14Z" finished-at="2020-01-14T17:01:14Z">
          <params>
            <param index="0">
              <value>
                <![CDATA[org.testng.TestRunner@497aec8c]]>
              </value>
            </param>
          </params>
          <reporter-output>
          </reporter-output>
        </test-method> <!-- extentSetup -->
        <test-method status="PASS" signature="setup(java.lang.String)[pri:0, instance:com.projects.templates.testCases.TC_StoreTemplatesPageTest_002@598067a5]" name="setup" is-config="true" duration-ms="4532" started-at="2020-01-14T17:01:15Z" finished-at="2020-01-14T17:01:19Z">
          <params>
            <param index="0">
              <value>
                <![CDATA[chrome]]>
              </value>
            </param>
          </params>
          <reporter-output>
          </reporter-output>
        </test-method> <!-- setup -->
        <test-method status="PASS" signature="startExtent(java.lang.reflect.Method, [Ljava.lang.Object;)[pri:0, instance:com.projects.templates.testCases.TC_StoreTemplatesPageTest_002@598067a5]" name="startExtent" is-config="true" duration-ms="8" started-at="2020-01-14T17:01:19Z" finished-at="2020-01-14T17:01:19Z">
          <params>
            <param index="0">
              <value>
                <![CDATA[public void com.projects.templates.testCases.TC_StoreTemplatesPageTest_002.validateStoreElementNumericField(java.lang.String,java.lang.String,java.lang.String,java.lang.String,java.lang.String,java.lang.String,java.lang.String,java.lang.String,java.lang.String) throws java.lang.Exception]]>
              </value>
            </param>
            <param index="1">
              <value>
                <![CDATA[[Ljava.lang.Object;@3b9632d1]]>
              </value>
            </param>
          </params>
          <reporter-output>
          </reporter-output>
        </test-method> <!-- startExtent -->
        <test-method status="PASS" signature="validateStoreElementNumericField(java.lang.String, java.lang.String, java.lang.String, java.lang.String, java.lang.String, java.lang.String, java.lang.String, java.lang.String, java.lang.String)[pri:0, instance:com.projects.templates.testCases.TC_StoreTemplatesPageTest_002@598067a5]" name="validateStoreElementNumericField" duration-ms="12561" started-at="2020-01-14T17:01:19Z" data-provider="TemplateNumericFieldPageData" finished-at="2020-01-14T17:01:32Z">
          <params>
            <param index="0">
              <value>
                <![CDATA[brownp]]>
              </value>
            </param>
            <param index="1">
              <value>
                <![CDATA[Anderson1!]]>
              </value>
            </param>
            <param index="2">
              <value>
                <![CDATA[866]]>
              </value>
            </param>
            <param index="3">
              <value>
                <![CDATA[1]]>
              </value>
            </param>
            <param index="4">
              <value>
                <![CDATA[1]]>
              </value>
            </param>
            <param index="5">
              <value>
                <![CDATA[5]]>
              </value>
            </param>
            <param index="6">
              <value>
                <![CDATA[10]]>
              </value>
            </param>
            <param index="7">
              <value>
                <![CDATA[ATT]]>
              </value>
            </param>
            <param index="8">
              <value>
                <![CDATA[First Instruction for numeric field type.This is second instruction]]>
              </value>
            </param>
          </params>
          <reporter-output>
            <line>
              <![CDATA[username: brownp]]>
            </line>
            <line>
              <![CDATA[password: Anderson1!]]>
            </line>
            <line>
              <![CDATA[Project Icon Clicked]]>
            </line>
            <line>
              <![CDATA[Templates Menu Clicked]]>
            </line>
            <line>
              <![CDATA[New Template Button Clicked]]>
            </line>
            <line>
              <![CDATA[Select Store template]]>
            </line>
            <line>
              <![CDATA[Select Element Template]]>
            </line>
            <line>
              <![CDATA[Loose Attachment Name Provided]]>
            </line>
            <line>
              <![CDATA[Submit for Reveiw Button Clicked]]>
            </line>
            <line>
              <![CDATA[Alert accepted]]>
            </line>
            <line>
              <![CDATA[test case passed....Template submitted for review.]]>
            </line>
          </reporter-output>
        </test-method> <!-- validateStoreElementNumericField -->
        <test-method status="PASS" signature="afterEachTestMethod(org.testng.ITestResult)[pri:0, instance:com.projects.templates.testCases.TC_StoreTemplatesPageTest_002@598067a5]" name="afterEachTestMethod" is-config="true" duration-ms="862" started-at="2020-01-14T17:01:32Z" finished-at="2020-01-14T17:01:32Z">
          <params>
            <param index="0">
              <value>
                <![CDATA[[TestResult name=validateStoreElementNumericField status=SUCCESS method=TC_StoreTemplatesPageTest_002.validateStoreElementNumericField(java.lang.String, java.lang.String, java.lang.String, java.lang.String, java.lang.String, java.lang.String, java.lang.String, java.lang.String, java.lang.String)[pri:0, instance:com.projects.templates.testCases.TC_StoreTemplatesPageTest_002@598067a5] output=username: brownp]]]>
              </value>
            </param>
          </params>
          <reporter-output>
          </reporter-output>
        </test-method> <!-- afterEachTestMethod -->
        <test-method status="PASS" signature="setup(java.lang.String)[pri:0, instance:com.projects.templates.testCases.TC_StoreTemplatesPageTest_002@598067a5]" name="setup" is-config="true" duration-ms="3910" started-at="2020-01-14T17:01:32Z" finished-at="2020-01-14T17:01:36Z">
          <params>
            <param index="0">
              <value>
                <![CDATA[chrome]]>
              </value>
            </param>
          </params>
          <reporter-output>
          </reporter-output>
        </test-method> <!-- setup -->
        <test-method status="PASS" signature="validateStoreElementSignatureField()[pri:0, instance:com.projects.templates.testCases.TC_StoreTemplatesPageTest_002@598067a5]" name="validateStoreElementSignatureField" duration-ms="30740" started-at="2020-01-14T17:01:36Z" finished-at="2020-01-14T17:02:07Z">
          <reporter-output>
            <line>
              <![CDATA[username ]]>
            </line>
            <line>
              <![CDATA[password]]>
            </line>
            <line>
              <![CDATA[Loose Attachment Name Provided]]>
            </line>
            <line>
              <![CDATA[Submit for Reveiw Button Clicked]]>
            </line>
            <line>
              <![CDATA[Alert accepted]]>
            </line>
            <line>
              <![CDATA[test case passed....Template submitted for review.]]>
            </line>
          </reporter-output>
        </test-method> <!-- validateStoreElementSignatureField -->
        <test-method status="PASS" signature="startExtent(java.lang.reflect.Method, [Ljava.lang.Object;)[pri:0, instance:com.projects.templates.testCases.TC_StoreTemplatesPageTest_002@598067a5]" name="startExtent" is-config="true" duration-ms="0" started-at="2020-01-14T17:01:36Z" finished-at="2020-01-14T17:01:36Z">
          <params>
            <param index="0">
              <value>
                <![CDATA[public void com.projects.templates.testCases.TC_StoreTemplatesPageTest_002.validateStoreElementSignatureField() throws java.lang.Exception]]>
              </value>
            </param>
            <param index="1">
              <value>
                <![CDATA[[Ljava.lang.Object;@3f9270ed]]>
              </value>
            </param>
          </params>
          <reporter-output>
          </reporter-output>
        </test-method> <!-- startExtent -->
        <test-method status="PASS" signature="afterEachTestMethod(org.testng.ITestResult)[pri:0, instance:com.projects.templates.testCases.TC_StoreTemplatesPageTest_002@598067a5]" name="afterEachTestMethod" is-config="true" duration-ms="711" started-at="2020-01-14T17:02:07Z" finished-at="2020-01-14T17:02:08Z">
          <params>
            <param index="0">
              <value>
                <![CDATA[[TestResult name=validateStoreElementSignatureField status=SUCCESS method=TC_StoreTemplatesPageTest_002.validateStoreElementSignatureField()[pri:0, instance:com.projects.templates.testCases.TC_StoreTemplatesPageTest_002@598067a5] output=username ]]]>
              </value>
            </param>
          </params>
          <reporter-output>
          </reporter-output>
        </test-method> <!-- afterEachTestMethod -->
        <test-method status="PASS" signature="setup(java.lang.String)[pri:0, instance:com.projects.templates.testCases.TC_StoreTemplatesPageTest_002@598067a5]" name="setup" is-config="true" duration-ms="3907" started-at="2020-01-14T17:02:08Z" finished-at="2020-01-14T17:02:12Z">
          <params>
            <param index="0">
              <value>
                <![CDATA[chrome]]>
              </value>
            </param>
          </params>
          <reporter-output>
          </reporter-output>
        </test-method> <!-- setup -->
        <test-method status="PASS" signature="startExtent(java.lang.reflect.Method, [Ljava.lang.Object;)[pri:0, instance:com.projects.templates.testCases.TC_StoreTemplatesPageTest_002@598067a5]" name="startExtent" is-config="true" duration-ms="1" started-at="2020-01-14T17:02:12Z" finished-at="2020-01-14T17:02:12Z">
          <params>
            <param index="0">
              <value>
                <![CDATA[public void com.projects.templates.testCases.TC_StoreTemplatesPageTest_002.validateStoreElementDateField() throws java.lang.Exception]]>
              </value>
            </param>
            <param index="1">
              <value>
                <![CDATA[[Ljava.lang.Object;@3a230001]]>
              </value>
            </param>
          </params>
          <reporter-output>
          </reporter-output>
        </test-method> <!-- startExtent -->
        <test-method status="PASS" signature="validateStoreElementDateField()[pri:0, instance:com.projects.templates.testCases.TC_StoreTemplatesPageTest_002@598067a5]" name="validateStoreElementDateField" duration-ms="22369" started-at="2020-01-14T17:02:12Z" finished-at="2020-01-14T17:02:34Z">
          <reporter-output>
            <line>
              <![CDATA[username ]]>
            </line>
            <line>
              <![CDATA[password]]>
            </line>
            <line>
              <![CDATA[Submit for Reveiw Button Clicked]]>
            </line>
            <line>
              <![CDATA[Alert accepted]]>
            </line>
            <line>
              <![CDATA[test case passed....Template submitted for review.]]>
            </line>
          </reporter-output>
        </test-method> <!-- validateStoreElementDateField -->
        <test-method status="PASS" signature="afterEachTestMethod(org.testng.ITestResult)[pri:0, instance:com.projects.templates.testCases.TC_StoreTemplatesPageTest_002@598067a5]" name="afterEachTestMethod" is-config="true" duration-ms="718" started-at="2020-01-14T17:02:34Z" finished-at="2020-01-14T17:02:35Z">
          <params>
            <param index="0">
              <value>
                <![CDATA[[TestResult name=validateStoreElementDateField status=SUCCESS method=TC_StoreTemplatesPageTest_002.validateStoreElementDateField()[pri:0, instance:com.projects.templates.testCases.TC_StoreTemplatesPageTest_002@598067a5] output=username ]]]>
              </value>
            </param>
          </params>
          <reporter-output>
          </reporter-output>
        </test-method> <!-- afterEachTestMethod -->
        <test-method status="PASS" signature="generateReport()[pri:0, instance:com.projects.templates.testCases.TC_StoreTemplatesPageTest_002@598067a5]" name="generateReport" is-config="true" duration-ms="22" started-at="2020-01-14T17:02:35Z" finished-at="2020-01-14T17:02:35Z">
          <reporter-output>
          </reporter-output>
        </test-method> <!-- generateReport -->
      </class> <!-- com.projects.templates.testCases.TC_StoreTemplatesPageTest_002 -->
    </test> <!-- DashTest -->
  </suite> <!-- DashManagement -->
</testng-results>
